2022-01-12 09:58:07,110 WARN  [HikariPool-1 housekeeper] HikariPool: HikariPool-1 - Thread starvation or clock leap detected (housekeeper delta=10h51m40s359ms3µs).
2022-01-12 13:19:34,123 INFO  [restartedMain] PokerApplication: Starting PokerApplication using Java 18-ea on LIN800021960 with PID 20192 (C:\Users\shabhart\Desktop\Poker\poker\target\classes started by shabhart in C:\Users\shabhart\Desktop\Poker\poker)
2022-01-12 13:19:34,128 INFO  [restartedMain] PokerApplication: No active profile set, falling back to default profiles: default
2022-01-12 13:19:34,260 INFO  [restartedMain] DevToolsPropertyDefaultsPostProcessor: Devtools property defaults active! Set 'spring.devtools.add-properties' to 'false' to disable
2022-01-12 13:19:34,262 INFO  [restartedMain] DevToolsPropertyDefaultsPostProcessor: For additional web related logging consider setting the 'logging.level.web' property to 'DEBUG'
2022-01-12 13:19:35,561 INFO  [restartedMain] RepositoryConfigurationDelegate: Bootstrapping Spring Data JPA repositories in DEFAULT mode.
2022-01-12 13:19:35,713 INFO  [restartedMain] RepositoryConfigurationDelegate: Finished Spring Data repository scanning in 130 ms. Found 5 JPA repository interfaces.
2022-01-12 13:19:37,219 INFO  [restartedMain] TomcatWebServer: Tomcat initialized with port(s): 8080 (http)
2022-01-12 13:19:37,240 INFO  [restartedMain] Http11NioProtocol: Initializing ProtocolHandler ["http-nio-8080"]
2022-01-12 13:19:37,241 INFO  [restartedMain] StandardService: Starting service [Tomcat]
2022-01-12 13:19:37,242 INFO  [restartedMain] StandardEngine: Starting Servlet engine: [Apache Tomcat/9.0.55]
2022-01-12 13:19:37,440 INFO  [restartedMain] [/]: Initializing Spring embedded WebApplicationContext
2022-01-12 13:19:37,441 INFO  [restartedMain] ServletWebServerApplicationContext: Root WebApplicationContext: initialization completed in 3178 ms
2022-01-12 13:19:37,507 INFO  [restartedMain] HikariDataSource: HikariPool-1 - Starting...
2022-01-12 13:19:37,802 INFO  [restartedMain] HikariDataSource: HikariPool-1 - Start completed.
2022-01-12 13:19:37,817 INFO  [restartedMain] H2ConsoleAutoConfiguration: H2 console available at '/h2-console'. Database available at 'jdbc:h2:mem:testdb'
2022-01-12 13:19:38,118 INFO  [restartedMain] LogHelper: HHH000204: Processing PersistenceUnitInfo [name: default]
2022-01-12 13:19:38,216 INFO  [restartedMain] Version: HHH000412: Hibernate ORM core version 5.6.1.Final
2022-01-12 13:19:38,555 INFO  [restartedMain] Version: HCANN000001: Hibernate Commons Annotations {5.1.2.Final}
2022-01-12 13:19:38,761 INFO  [restartedMain] Dialect: HHH000400: Using dialect: org.hibernate.dialect.H2Dialect
2022-01-12 13:19:39,936 INFO  [restartedMain] JtaPlatformInitiator: HHH000490: Using JtaPlatform implementation: [org.hibernate.engine.transaction.jta.platform.internal.NoJtaPlatform]
2022-01-12 13:19:39,946 INFO  [restartedMain] LocalContainerEntityManagerFactoryBean: Initialized JPA EntityManagerFactory for persistence unit 'default'
2022-01-12 13:19:40,898 WARN  [restartedMain] JpaBaseConfiguration$JpaWebConfiguration: spring.jpa.open-in-view is enabled by default. Therefore, database queries may be performed during view rendering. Explicitly configure spring.jpa.open-in-view to disable this warning
2022-01-12 13:19:41,437 INFO  [restartedMain] OptionalLiveReloadServer: LiveReload server is running on port 35729
2022-01-12 13:19:41,459 INFO  [restartedMain] Http11NioProtocol: Starting ProtocolHandler ["http-nio-8080"]
2022-01-12 13:19:41,543 INFO  [restartedMain] TomcatWebServer: Tomcat started on port(s): 8080 (http) with context path ''
2022-01-12 13:19:41,564 INFO  [restartedMain] PokerApplication: Started PokerApplication in 8.153 seconds (JVM running for 9.536)
2022-01-12 13:27:03,724 INFO  [Thread-6] LocalContainerEntityManagerFactoryBean: Closing JPA EntityManagerFactory for persistence unit 'default'
2022-01-12 13:27:03,725 INFO  [Thread-6] SchemaDropperImpl$DelayedDropActionImpl: HHH000477: Starting delayed evictData of schema as part of SessionFactory shut-down'
2022-01-12 13:27:03,976 WARN  [Thread-6] DisposableBeanAdapter: Invocation of destroy method failed on bean with name 'inMemoryDatabaseShutdownExecutor': org.h2.jdbc.JdbcSQLNonTransientConnectionException: Database is already closed (to disable automatic closing at VM shutdown, add ";DB_CLOSE_ON_EXIT=FALSE" to the db URL) [90121-200]
2022-01-12 13:27:03,977 INFO  [Thread-6] HikariDataSource: HikariPool-1 - Shutdown initiated...
2022-01-12 13:27:03,980 INFO  [Thread-6] HikariDataSource: HikariPool-1 - Shutdown completed.
2022-01-12 13:27:04,091 INFO  [restartedMain] PokerApplication: Starting PokerApplication using Java 18-ea on LIN800021960 with PID 20192 (C:\Users\shabhart\Desktop\Poker\poker\target\classes started by shabhart in C:\Users\shabhart\Desktop\Poker\poker)
2022-01-12 13:27:04,092 INFO  [restartedMain] PokerApplication: No active profile set, falling back to default profiles: default
2022-01-12 13:27:04,390 INFO  [restartedMain] RepositoryConfigurationDelegate: Bootstrapping Spring Data JPA repositories in DEFAULT mode.
2022-01-12 13:27:04,443 INFO  [restartedMain] RepositoryConfigurationDelegate: Finished Spring Data repository scanning in 52 ms. Found 5 JPA repository interfaces.
2022-01-12 13:27:04,815 INFO  [restartedMain] TomcatWebServer: Tomcat initialized with port(s): 8080 (http)
2022-01-12 13:27:04,817 INFO  [restartedMain] Http11NioProtocol: Initializing ProtocolHandler ["http-nio-8080"]
2022-01-12 13:27:04,818 INFO  [restartedMain] StandardService: Starting service [Tomcat]
2022-01-12 13:27:04,819 INFO  [restartedMain] StandardEngine: Starting Servlet engine: [Apache Tomcat/9.0.55]
2022-01-12 13:27:04,873 INFO  [restartedMain] [/]: Initializing Spring embedded WebApplicationContext
2022-01-12 13:27:04,874 INFO  [restartedMain] ServletWebServerApplicationContext: Root WebApplicationContext: initialization completed in 778 ms
2022-01-12 13:27:04,897 INFO  [restartedMain] HikariDataSource: HikariPool-2 - Starting...
2022-01-12 13:27:04,901 INFO  [restartedMain] HikariDataSource: HikariPool-2 - Start completed.
2022-01-12 13:27:04,903 INFO  [restartedMain] H2ConsoleAutoConfiguration: H2 console available at '/h2-console'. Database available at 'jdbc:h2:mem:testdb'
2022-01-12 13:27:04,949 INFO  [restartedMain] LogHelper: HHH000204: Processing PersistenceUnitInfo [name: default]
2022-01-12 13:27:04,960 INFO  [restartedMain] Dialect: HHH000400: Using dialect: org.hibernate.dialect.H2Dialect
2022-01-12 13:27:05,131 INFO  [restartedMain] JtaPlatformInitiator: HHH000490: Using JtaPlatform implementation: [org.hibernate.engine.transaction.jta.platform.internal.NoJtaPlatform]
2022-01-12 13:27:05,132 INFO  [restartedMain] LocalContainerEntityManagerFactoryBean: Initialized JPA EntityManagerFactory for persistence unit 'default'
2022-01-12 13:27:05,397 WARN  [restartedMain] JpaBaseConfiguration$JpaWebConfiguration: spring.jpa.open-in-view is enabled by default. Therefore, database queries may be performed during view rendering. Explicitly configure spring.jpa.open-in-view to disable this warning
2022-01-12 13:27:05,594 INFO  [restartedMain] OptionalLiveReloadServer: LiveReload server is running on port 35729
2022-01-12 13:27:05,605 INFO  [restartedMain] Http11NioProtocol: Starting ProtocolHandler ["http-nio-8080"]
2022-01-12 13:27:05,614 INFO  [restartedMain] TomcatWebServer: Tomcat started on port(s): 8080 (http) with context path ''
2022-01-12 13:27:05,623 INFO  [restartedMain] PokerApplication: Started PokerApplication in 1.581 seconds (JVM running for 453.588)
2022-01-12 13:27:05,626 INFO  [restartedMain] ConditionEvaluationDeltaLoggingListener: Condition evaluation unchanged
2022-01-12 13:27:12,255 INFO  [Thread-8] LocalContainerEntityManagerFactoryBean: Closing JPA EntityManagerFactory for persistence unit 'default'
2022-01-12 13:27:12,255 INFO  [Thread-8] SchemaDropperImpl$DelayedDropActionImpl: HHH000477: Starting delayed evictData of schema as part of SessionFactory shut-down'
2022-01-12 13:27:12,468 WARN  [Thread-8] DisposableBeanAdapter: Invocation of destroy method failed on bean with name 'inMemoryDatabaseShutdownExecutor': org.h2.jdbc.JdbcSQLNonTransientConnectionException: Database is already closed (to disable automatic closing at VM shutdown, add ";DB_CLOSE_ON_EXIT=FALSE" to the db URL) [90121-200]
2022-01-12 13:27:12,469 INFO  [Thread-8] HikariDataSource: HikariPool-2 - Shutdown initiated...
2022-01-12 13:27:12,471 INFO  [Thread-8] HikariDataSource: HikariPool-2 - Shutdown completed.
2022-01-12 13:27:12,586 INFO  [restartedMain] PokerApplication: Starting PokerApplication using Java 18-ea on LIN800021960 with PID 20192 (C:\Users\shabhart\Desktop\Poker\poker\target\classes started by shabhart in C:\Users\shabhart\Desktop\Poker\poker)
2022-01-12 13:27:12,588 INFO  [restartedMain] PokerApplication: No active profile set, falling back to default profiles: default
2022-01-12 13:27:12,996 INFO  [restartedMain] RepositoryConfigurationDelegate: Bootstrapping Spring Data JPA repositories in DEFAULT mode.
2022-01-12 13:27:13,053 INFO  [restartedMain] RepositoryConfigurationDelegate: Finished Spring Data repository scanning in 56 ms. Found 5 JPA repository interfaces.
2022-01-12 13:27:13,236 INFO  [restartedMain] TomcatWebServer: Tomcat initialized with port(s): 8080 (http)
2022-01-12 13:27:13,237 INFO  [restartedMain] Http11NioProtocol: Initializing ProtocolHandler ["http-nio-8080"]
2022-01-12 13:27:13,239 INFO  [restartedMain] StandardService: Starting service [Tomcat]
2022-01-12 13:27:13,239 INFO  [restartedMain] StandardEngine: Starting Servlet engine: [Apache Tomcat/9.0.55]
2022-01-12 13:27:13,287 INFO  [restartedMain] [/]: Initializing Spring embedded WebApplicationContext
2022-01-12 13:27:13,287 INFO  [restartedMain] ServletWebServerApplicationContext: Root WebApplicationContext: initialization completed in 695 ms
2022-01-12 13:27:13,305 INFO  [restartedMain] HikariDataSource: HikariPool-3 - Starting...
2022-01-12 13:27:13,311 INFO  [restartedMain] HikariDataSource: HikariPool-3 - Start completed.
2022-01-12 13:27:13,312 INFO  [restartedMain] H2ConsoleAutoConfiguration: H2 console available at '/h2-console'. Database available at 'jdbc:h2:mem:testdb'
2022-01-12 13:27:13,349 INFO  [restartedMain] LogHelper: HHH000204: Processing PersistenceUnitInfo [name: default]
2022-01-12 13:27:13,359 INFO  [restartedMain] Dialect: HHH000400: Using dialect: org.hibernate.dialect.H2Dialect
2022-01-12 13:27:13,494 INFO  [restartedMain] JtaPlatformInitiator: HHH000490: Using JtaPlatform implementation: [org.hibernate.engine.transaction.jta.platform.internal.NoJtaPlatform]
2022-01-12 13:27:13,495 INFO  [restartedMain] LocalContainerEntityManagerFactoryBean: Initialized JPA EntityManagerFactory for persistence unit 'default'
2022-01-12 13:27:13,738 WARN  [restartedMain] JpaBaseConfiguration$JpaWebConfiguration: spring.jpa.open-in-view is enabled by default. Therefore, database queries may be performed during view rendering. Explicitly configure spring.jpa.open-in-view to disable this warning
2022-01-12 13:27:13,892 INFO  [restartedMain] OptionalLiveReloadServer: LiveReload server is running on port 35729
2022-01-12 13:27:13,902 INFO  [restartedMain] Http11NioProtocol: Starting ProtocolHandler ["http-nio-8080"]
2022-01-12 13:27:13,909 INFO  [restartedMain] TomcatWebServer: Tomcat started on port(s): 8080 (http) with context path ''
2022-01-12 13:27:13,914 INFO  [restartedMain] PokerApplication: Started PokerApplication in 1.388 seconds (JVM running for 461.88)
2022-01-12 13:27:13,917 INFO  [restartedMain] ConditionEvaluationDeltaLoggingListener: Condition evaluation unchanged
2022-01-12 13:28:41,205 INFO  [http-nio-8080-exec-1] [/]: Initializing Spring DispatcherServlet 'dispatcherServlet'
2022-01-12 13:28:41,206 INFO  [http-nio-8080-exec-1] DispatcherServlet: Initializing Servlet 'dispatcherServlet'
2022-01-12 13:28:41,207 INFO  [http-nio-8080-exec-1] DispatcherServlet: Completed initialization in 1 ms
2022-01-12 13:28:41,256 INFO  [http-nio-8080-exec-1] PlanningPokerSessionController: createPockerPlanningSession method start
2022-01-12 13:28:41,256 INFO  [http-nio-8080-exec-1] PokerSessionServiceImpl: createPockerPlanningSession start
2022-01-12 13:28:41,406 INFO  [http-nio-8080-exec-1] PokerSessionServiceImpl: createPockerPlanningSession end
2022-01-12 13:28:41,406 INFO  [http-nio-8080-exec-1] PlanningPokerSessionController: createPockerPlanningSession method end
2022-01-12 13:28:55,261 INFO  [http-nio-8080-exec-3] PokerSessionServiceImpl: addUpdateMemberList start
2022-01-12 13:28:55,284 WARN  [http-nio-8080-exec-3] SqlExceptionHelper: SQL Error: 23506, SQLState: 23506
2022-01-12 13:28:55,284 ERROR [http-nio-8080-exec-3] SqlExceptionHelper: Referential integrity constraint violation: "FKB2N7H1OMYI447X1723GMTD353: PUBLIC.MEMBER FOREIGN KEY(SESSION) REFERENCES PUBLIC.POKER_SESSION(SESSION) ('14205')"; SQL statement:
insert into member (member_id, status, name, session) values (null, ?, ?, ?) [23506-200]
2022-01-12 13:28:55,302 WARN  [http-nio-8080-exec-3] ExceptionHandlerExceptionResolver: Failure in @ExceptionHandler com.planning.poker.controller.PokerSessionExceptionController#handleAddUpdateMemberException(SessionNotFoundException, WebRequest)
java.lang.IllegalStateException: Could not resolve parameter [0] in public final org.springframework.http.ResponseEntity<java.lang.Object> com.planning.poker.controller.PokerSessionExceptionController.handleAddUpdateMemberException(com.planning.poker.exception.SessionNotFoundException,org.springframework.web.context.request.WebRequest): No suitable resolver
	at org.springframework.web.method.support.InvocableHandlerMethod.getMethodArgumentValues(InvocableHandlerMethod.java:176)
	at org.springframework.web.method.support.InvocableHandlerMethod.invokeForRequest(InvocableHandlerMethod.java:146)
	at org.springframework.web.servlet.mvc.method.annotation.ServletInvocableHandlerMethod.invokeAndHandle(ServletInvocableHandlerMethod.java:117)
	at org.springframework.web.servlet.mvc.method.annotation.ExceptionHandlerExceptionResolver.doResolveHandlerMethodException(ExceptionHandlerExceptionResolver.java:428)
	at org.springframework.web.servlet.handler.AbstractHandlerMethodExceptionResolver.doResolveException(AbstractHandlerMethodExceptionResolver.java:75)
	at org.springframework.web.servlet.handler.AbstractHandlerExceptionResolver.resolveException(AbstractHandlerExceptionResolver.java:142)
	at org.springframework.web.servlet.handler.HandlerExceptionResolverComposite.resolveException(HandlerExceptionResolverComposite.java:80)
	at org.springframework.web.servlet.DispatcherServlet.processHandlerException(DispatcherServlet.java:1327)
	at org.springframework.web.servlet.DispatcherServlet.processDispatchResult(DispatcherServlet.java:1138)
	at org.springframework.web.servlet.DispatcherServlet.doDispatch(DispatcherServlet.java:1084)
	at org.springframework.web.servlet.DispatcherServlet.doService(DispatcherServlet.java:963)
	at org.springframework.web.servlet.FrameworkServlet.processRequest(FrameworkServlet.java:1006)
	at org.springframework.web.servlet.FrameworkServlet.doPost(FrameworkServlet.java:909)
	at javax.servlet.http.HttpServlet.service(HttpServlet.java:681)
	at org.springframework.web.servlet.FrameworkServlet.service(FrameworkServlet.java:883)
	at javax.servlet.http.HttpServlet.service(HttpServlet.java:764)
	at org.apache.catalina.core.ApplicationFilterChain.internalDoFilter(ApplicationFilterChain.java:227)
	at org.apache.catalina.core.ApplicationFilterChain.doFilter(ApplicationFilterChain.java:162)
	at org.apache.tomcat.websocket.server.WsFilter.doFilter(WsFilter.java:53)
	at org.apache.catalina.core.ApplicationFilterChain.internalDoFilter(ApplicationFilterChain.java:189)
	at org.apache.catalina.core.ApplicationFilterChain.doFilter(ApplicationFilterChain.java:162)
	at org.springframework.web.filter.RequestContextFilter.doFilterInternal(RequestContextFilter.java:100)
	at org.springframework.web.filter.OncePerRequestFilter.doFilter(OncePerRequestFilter.java:119)
	at org.apache.catalina.core.ApplicationFilterChain.internalDoFilter(ApplicationFilterChain.java:189)
	at org.apache.catalina.core.ApplicationFilterChain.doFilter(ApplicationFilterChain.java:162)
	at org.springframework.web.filter.FormContentFilter.doFilterInternal(FormContentFilter.java:93)
	at org.springframework.web.filter.OncePerRequestFilter.doFilter(OncePerRequestFilter.java:119)
	at org.apache.catalina.core.ApplicationFilterChain.internalDoFilter(ApplicationFilterChain.java:189)
	at org.apache.catalina.core.ApplicationFilterChain.doFilter(ApplicationFilterChain.java:162)
	at org.springframework.web.filter.CharacterEncodingFilter.doFilterInternal(CharacterEncodingFilter.java:201)
	at org.springframework.web.filter.OncePerRequestFilter.doFilter(OncePerRequestFilter.java:119)
	at org.apache.catalina.core.ApplicationFilterChain.internalDoFilter(ApplicationFilterChain.java:189)
	at org.apache.catalina.core.ApplicationFilterChain.doFilter(ApplicationFilterChain.java:162)
	at org.apache.catalina.core.StandardWrapperValve.invoke(StandardWrapperValve.java:197)
	at org.apache.catalina.core.StandardContextValve.invoke(StandardContextValve.java:97)
	at org.apache.catalina.authenticator.AuthenticatorBase.invoke(AuthenticatorBase.java:540)
	at org.apache.catalina.core.StandardHostValve.invoke(StandardHostValve.java:135)
	at org.apache.catalina.valves.ErrorReportValve.invoke(ErrorReportValve.java:92)
	at org.apache.catalina.core.StandardEngineValve.invoke(StandardEngineValve.java:78)
	at org.apache.catalina.connector.CoyoteAdapter.service(CoyoteAdapter.java:357)
	at org.apache.coyote.http11.Http11Processor.service(Http11Processor.java:382)
	at org.apache.coyote.AbstractProcessorLight.process(AbstractProcessorLight.java:65)
	at org.apache.coyote.AbstractProtocol$ConnectionHandler.process(AbstractProtocol.java:895)
	at org.apache.tomcat.util.net.NioEndpoint$SocketProcessor.doRun(NioEndpoint.java:1722)
	at org.apache.tomcat.util.net.SocketProcessorBase.run(SocketProcessorBase.java:49)
	at org.apache.tomcat.util.threads.ThreadPoolExecutor.runWorker(ThreadPoolExecutor.java:1191)
	at org.apache.tomcat.util.threads.ThreadPoolExecutor$Worker.run(ThreadPoolExecutor.java:659)
	at org.apache.tomcat.util.threads.TaskThread$WrappingRunnable.run(TaskThread.java:61)
	at java.base/java.lang.Thread.run(Thread.java:833)
2022-01-12 13:28:55,308 WARN  [http-nio-8080-exec-3] ResponseStatusExceptionResolver: Resolved [com.planning.poker.exception.AddUpdateMemberException: Unable to Add or Update Member to this session could not execute statement; SQL [n/a]; constraint [FKB2N7H1OMYI447X1723GMTD353]; nested exception is org.hibernate.exception.ConstraintViolationException: could not execute statement]
2022-01-12 13:29:08,438 INFO  [http-nio-8080-exec-4] PokerSessionServiceImpl: addUpdateMemberList start
2022-01-12 13:29:08,456 INFO  [http-nio-8080-exec-4] PokerSessionServiceImpl: addUpdateMemberList end
2022-01-12 13:29:23,886 INFO  [http-nio-8080-exec-5] UserStoryServiceImpl: addUserStory start
2022-01-12 13:29:23,888 INFO  [http-nio-8080-exec-5] UserStoryServiceImpl: addUserStory end
2022-01-12 13:29:57,700 INFO  [http-nio-8080-exec-6] UserStoryServiceImpl: deleteUserStory start
2022-01-12 13:29:57,718 INFO  [http-nio-8080-exec-6] UserStoryServiceImpl: deleteUserStory end
2022-01-12 14:05:22,352 WARN  [HikariPool-3 housekeeper] HikariPool: HikariPool-3 - Thread starvation or clock leap detected (housekeeper delta=1m8s270ms412µs800ns).
2022-01-12 14:40:30,801 INFO  [restartedMain] PokerApplication: Starting PokerApplication using Java 18-ea on LIN800021960 with PID 12984 (C:\Users\shabhart\Desktop\Poker\poker\target\classes started by shabhart in C:\Users\shabhart\Desktop\Poker\poker)
2022-01-12 14:40:30,808 INFO  [restartedMain] PokerApplication: No active profile set, falling back to default profiles: default
2022-01-12 14:40:30,908 INFO  [restartedMain] DevToolsPropertyDefaultsPostProcessor: Devtools property defaults active! Set 'spring.devtools.add-properties' to 'false' to disable
2022-01-12 14:40:30,908 INFO  [restartedMain] DevToolsPropertyDefaultsPostProcessor: For additional web related logging consider setting the 'logging.level.web' property to 'DEBUG'
2022-01-12 14:40:32,036 INFO  [restartedMain] RepositoryConfigurationDelegate: Bootstrapping Spring Data JPA repositories in DEFAULT mode.
2022-01-12 14:40:32,176 INFO  [restartedMain] RepositoryConfigurationDelegate: Finished Spring Data repository scanning in 119 ms. Found 5 JPA repository interfaces.
2022-01-12 14:40:33,430 INFO  [restartedMain] TomcatWebServer: Tomcat initialized with port(s): 8080 (http)
2022-01-12 14:40:33,444 INFO  [restartedMain] Http11NioProtocol: Initializing ProtocolHandler ["http-nio-8080"]
2022-01-12 14:40:33,445 INFO  [restartedMain] StandardService: Starting service [Tomcat]
2022-01-12 14:40:33,446 INFO  [restartedMain] StandardEngine: Starting Servlet engine: [Apache Tomcat/9.0.55]
2022-01-12 14:40:33,630 INFO  [restartedMain] [/]: Initializing Spring embedded WebApplicationContext
2022-01-12 14:40:33,631 INFO  [restartedMain] ServletWebServerApplicationContext: Root WebApplicationContext: initialization completed in 2722 ms
2022-01-12 14:40:33,705 INFO  [restartedMain] HikariDataSource: HikariPool-1 - Starting...
2022-01-12 14:40:33,939 INFO  [restartedMain] HikariDataSource: HikariPool-1 - Start completed.
2022-01-12 14:40:33,953 INFO  [restartedMain] H2ConsoleAutoConfiguration: H2 console available at '/h2-console'. Database available at 'jdbc:h2:mem:testdb'
2022-01-12 14:40:34,239 INFO  [restartedMain] LogHelper: HHH000204: Processing PersistenceUnitInfo [name: default]
2022-01-12 14:40:34,316 INFO  [restartedMain] Version: HHH000412: Hibernate ORM core version 5.6.1.Final
2022-01-12 14:40:34,572 INFO  [restartedMain] Version: HCANN000001: Hibernate Commons Annotations {5.1.2.Final}
2022-01-12 14:40:34,752 INFO  [restartedMain] Dialect: HHH000400: Using dialect: org.hibernate.dialect.H2Dialect
2022-01-12 14:40:35,827 INFO  [restartedMain] JtaPlatformInitiator: HHH000490: Using JtaPlatform implementation: [org.hibernate.engine.transaction.jta.platform.internal.NoJtaPlatform]
2022-01-12 14:40:35,836 INFO  [restartedMain] LocalContainerEntityManagerFactoryBean: Initialized JPA EntityManagerFactory for persistence unit 'default'
2022-01-12 14:40:36,699 WARN  [restartedMain] JpaBaseConfiguration$JpaWebConfiguration: spring.jpa.open-in-view is enabled by default. Therefore, database queries may be performed during view rendering. Explicitly configure spring.jpa.open-in-view to disable this warning
2022-01-12 14:40:37,249 INFO  [restartedMain] OptionalLiveReloadServer: LiveReload server is running on port 35729
2022-01-12 14:40:37,268 INFO  [restartedMain] Http11NioProtocol: Starting ProtocolHandler ["http-nio-8080"]
2022-01-12 14:40:37,336 INFO  [restartedMain] TomcatWebServer: Tomcat started on port(s): 8080 (http) with context path ''
2022-01-12 14:40:37,357 INFO  [restartedMain] PokerApplication: Started PokerApplication in 7.245 seconds (JVM running for 8.266)
2022-01-12 14:56:14,408 INFO  [http-nio-8080-exec-6] [/]: Initializing Spring DispatcherServlet 'dispatcherServlet'
2022-01-12 14:56:14,408 INFO  [http-nio-8080-exec-6] DispatcherServlet: Initializing Servlet 'dispatcherServlet'
2022-01-12 14:56:14,411 INFO  [http-nio-8080-exec-6] DispatcherServlet: Completed initialization in 2 ms
2022-01-12 14:57:12,880 INFO  [http-nio-8080-exec-10] PlanningPokerSessionController: createPockerPlanningSession method start
2022-01-12 14:57:12,881 INFO  [http-nio-8080-exec-10] PokerSessionServiceImpl: createPockerPlanningSession start
2022-01-12 14:57:13,119 INFO  [http-nio-8080-exec-10] PokerSessionServiceImpl: createPockerPlanningSession end
2022-01-12 14:57:13,120 INFO  [http-nio-8080-exec-10] PlanningPokerSessionController: createPockerPlanningSession method end
2022-01-12 15:01:54,668 INFO  [http-nio-8080-exec-6] PokerSessionServiceImpl: addUpdateMemberList start
2022-01-12 15:01:54,715 INFO  [http-nio-8080-exec-6] PokerSessionServiceImpl: addUpdateMemberList end
2022-01-12 15:03:25,071 INFO  [http-nio-8080-exec-8] PlanningPokerSessionController: createPockerPlanningSession method start
2022-01-12 15:03:25,072 INFO  [http-nio-8080-exec-8] PokerSessionServiceImpl: createPockerPlanningSession start
2022-01-12 15:03:25,082 INFO  [http-nio-8080-exec-8] PokerSessionServiceImpl: createPockerPlanningSession end
2022-01-12 15:03:25,082 INFO  [http-nio-8080-exec-8] PlanningPokerSessionController: createPockerPlanningSession method end
2022-01-12 15:03:31,474 INFO  [http-nio-8080-exec-5] PokerSessionServiceImpl: addUpdateMemberList start
2022-01-12 15:03:31,480 WARN  [http-nio-8080-exec-5] SqlExceptionHelper: SQL Error: 23506, SQLState: 23506
2022-01-12 15:03:31,481 ERROR [http-nio-8080-exec-5] SqlExceptionHelper: Referential integrity constraint violation: "FKB2N7H1OMYI447X1723GMTD353: PUBLIC.MEMBER FOREIGN KEY(SESSION) REFERENCES PUBLIC.POKER_SESSION(SESSION) ('16010')"; SQL statement:
insert into member (member_id, status, name, session) values (null, ?, ?, ?) [23506-200]
2022-01-12 15:03:31,491 WARN  [http-nio-8080-exec-5] ExceptionHandlerExceptionResolver: Failure in @ExceptionHandler com.planning.poker.controller.PokerSessionExceptionController#handleAddUpdateMemberException(SessionNotFoundException, WebRequest)
java.lang.IllegalStateException: Could not resolve parameter [0] in public final org.springframework.http.ResponseEntity<java.lang.Object> com.planning.poker.controller.PokerSessionExceptionController.handleAddUpdateMemberException(com.planning.poker.exception.SessionNotFoundException,org.springframework.web.context.request.WebRequest): No suitable resolver
	at org.springframework.web.method.support.InvocableHandlerMethod.getMethodArgumentValues(InvocableHandlerMethod.java:176)
	at org.springframework.web.method.support.InvocableHandlerMethod.invokeForRequest(InvocableHandlerMethod.java:146)
	at org.springframework.web.servlet.mvc.method.annotation.ServletInvocableHandlerMethod.invokeAndHandle(ServletInvocableHandlerMethod.java:117)
	at org.springframework.web.servlet.mvc.method.annotation.ExceptionHandlerExceptionResolver.doResolveHandlerMethodException(ExceptionHandlerExceptionResolver.java:428)
	at org.springframework.web.servlet.handler.AbstractHandlerMethodExceptionResolver.doResolveException(AbstractHandlerMethodExceptionResolver.java:75)
	at org.springframework.web.servlet.handler.AbstractHandlerExceptionResolver.resolveException(AbstractHandlerExceptionResolver.java:142)
	at org.springframework.web.servlet.handler.HandlerExceptionResolverComposite.resolveException(HandlerExceptionResolverComposite.java:80)
	at org.springframework.web.servlet.DispatcherServlet.processHandlerException(DispatcherServlet.java:1327)
	at org.springframework.web.servlet.DispatcherServlet.processDispatchResult(DispatcherServlet.java:1138)
	at org.springframework.web.servlet.DispatcherServlet.doDispatch(DispatcherServlet.java:1084)
	at org.springframework.web.servlet.DispatcherServlet.doService(DispatcherServlet.java:963)
	at org.springframework.web.servlet.FrameworkServlet.processRequest(FrameworkServlet.java:1006)
	at org.springframework.web.servlet.FrameworkServlet.doPost(FrameworkServlet.java:909)
	at javax.servlet.http.HttpServlet.service(HttpServlet.java:681)
	at org.springframework.web.servlet.FrameworkServlet.service(FrameworkServlet.java:883)
	at javax.servlet.http.HttpServlet.service(HttpServlet.java:764)
	at org.apache.catalina.core.ApplicationFilterChain.internalDoFilter(ApplicationFilterChain.java:227)
	at org.apache.catalina.core.ApplicationFilterChain.doFilter(ApplicationFilterChain.java:162)
	at org.apache.tomcat.websocket.server.WsFilter.doFilter(WsFilter.java:53)
	at org.apache.catalina.core.ApplicationFilterChain.internalDoFilter(ApplicationFilterChain.java:189)
	at org.apache.catalina.core.ApplicationFilterChain.doFilter(ApplicationFilterChain.java:162)
	at org.springframework.web.filter.RequestContextFilter.doFilterInternal(RequestContextFilter.java:100)
	at org.springframework.web.filter.OncePerRequestFilter.doFilter(OncePerRequestFilter.java:119)
	at org.apache.catalina.core.ApplicationFilterChain.internalDoFilter(ApplicationFilterChain.java:189)
	at org.apache.catalina.core.ApplicationFilterChain.doFilter(ApplicationFilterChain.java:162)
	at org.springframework.web.filter.FormContentFilter.doFilterInternal(FormContentFilter.java:93)
	at org.springframework.web.filter.OncePerRequestFilter.doFilter(OncePerRequestFilter.java:119)
	at org.apache.catalina.core.ApplicationFilterChain.internalDoFilter(ApplicationFilterChain.java:189)
	at org.apache.catalina.core.ApplicationFilterChain.doFilter(ApplicationFilterChain.java:162)
	at org.springframework.web.filter.CharacterEncodingFilter.doFilterInternal(CharacterEncodingFilter.java:201)
	at org.springframework.web.filter.OncePerRequestFilter.doFilter(OncePerRequestFilter.java:119)
	at org.apache.catalina.core.ApplicationFilterChain.internalDoFilter(ApplicationFilterChain.java:189)
	at org.apache.catalina.core.ApplicationFilterChain.doFilter(ApplicationFilterChain.java:162)
	at org.apache.catalina.core.StandardWrapperValve.invoke(StandardWrapperValve.java:197)
	at org.apache.catalina.core.StandardContextValve.invoke(StandardContextValve.java:97)
	at org.apache.catalina.authenticator.AuthenticatorBase.invoke(AuthenticatorBase.java:540)
	at org.apache.catalina.core.StandardHostValve.invoke(StandardHostValve.java:135)
	at org.apache.catalina.valves.ErrorReportValve.invoke(ErrorReportValve.java:92)
	at org.apache.catalina.core.StandardEngineValve.invoke(StandardEngineValve.java:78)
	at org.apache.catalina.connector.CoyoteAdapter.service(CoyoteAdapter.java:357)
	at org.apache.coyote.http11.Http11Processor.service(Http11Processor.java:382)
	at org.apache.coyote.AbstractProcessorLight.process(AbstractProcessorLight.java:65)
	at org.apache.coyote.AbstractProtocol$ConnectionHandler.process(AbstractProtocol.java:895)
	at org.apache.tomcat.util.net.NioEndpoint$SocketProcessor.doRun(NioEndpoint.java:1722)
	at org.apache.tomcat.util.net.SocketProcessorBase.run(SocketProcessorBase.java:49)
	at org.apache.tomcat.util.threads.ThreadPoolExecutor.runWorker(ThreadPoolExecutor.java:1191)
	at org.apache.tomcat.util.threads.ThreadPoolExecutor$Worker.run(ThreadPoolExecutor.java:659)
	at org.apache.tomcat.util.threads.TaskThread$WrappingRunnable.run(TaskThread.java:61)
	at java.base/java.lang.Thread.run(Thread.java:833)
2022-01-12 15:03:31,497 WARN  [http-nio-8080-exec-5] ResponseStatusExceptionResolver: Resolved [com.planning.poker.exception.AddUpdateMemberException: Unable to Add or Update Member to this session could not execute statement; SQL [n/a]; constraint [FKB2N7H1OMYI447X1723GMTD353]; nested exception is org.hibernate.exception.ConstraintViolationException: could not execute statement]
2022-01-12 15:03:46,135 INFO  [http-nio-8080-exec-1] PokerSessionServiceImpl: addUpdateMemberList start
2022-01-12 15:03:46,141 INFO  [http-nio-8080-exec-1] PokerSessionServiceImpl: addUpdateMemberList end
2022-01-12 15:32:24,175 INFO  [restartedMain] PokerApplication: Starting PokerApplication using Java 18-ea on LIN800021960 with PID 6472 (C:\Users\shabhart\Desktop\Poker\poker\target\classes started by shabhart in C:\Users\shabhart\Desktop\Poker\poker)
2022-01-12 15:32:24,181 INFO  [restartedMain] PokerApplication: No active profile set, falling back to default profiles: default
2022-01-12 15:32:24,298 INFO  [restartedMain] DevToolsPropertyDefaultsPostProcessor: Devtools property defaults active! Set 'spring.devtools.add-properties' to 'false' to disable
2022-01-12 15:32:24,299 INFO  [restartedMain] DevToolsPropertyDefaultsPostProcessor: For additional web related logging consider setting the 'logging.level.web' property to 'DEBUG'
2022-01-12 15:32:25,708 INFO  [restartedMain] RepositoryConfigurationDelegate: Bootstrapping Spring Data JPA repositories in DEFAULT mode.
2022-01-12 15:32:25,877 INFO  [restartedMain] RepositoryConfigurationDelegate: Finished Spring Data repository scanning in 152 ms. Found 5 JPA repository interfaces.
2022-01-12 15:32:27,683 INFO  [restartedMain] TomcatWebServer: Tomcat initialized with port(s): 8080 (http)
2022-01-12 15:32:27,709 INFO  [restartedMain] Http11NioProtocol: Initializing ProtocolHandler ["http-nio-8080"]
2022-01-12 15:32:27,710 INFO  [restartedMain] StandardService: Starting service [Tomcat]
2022-01-12 15:32:27,711 INFO  [restartedMain] StandardEngine: Starting Servlet engine: [Apache Tomcat/9.0.55]
2022-01-12 15:32:27,935 INFO  [restartedMain] [/]: Initializing Spring embedded WebApplicationContext
2022-01-12 15:32:27,937 INFO  [restartedMain] ServletWebServerApplicationContext: Root WebApplicationContext: initialization completed in 3637 ms
2022-01-12 15:32:28,017 INFO  [restartedMain] HikariDataSource: HikariPool-1 - Starting...
2022-01-12 15:32:28,429 INFO  [restartedMain] HikariDataSource: HikariPool-1 - Start completed.
2022-01-12 15:32:28,452 INFO  [restartedMain] H2ConsoleAutoConfiguration: H2 console available at '/h2-console'. Database available at 'jdbc:h2:mem:testdb'
2022-01-12 15:32:28,896 INFO  [restartedMain] LogHelper: HHH000204: Processing PersistenceUnitInfo [name: default]
2022-01-12 15:32:29,022 INFO  [restartedMain] Version: HHH000412: Hibernate ORM core version 5.6.1.Final
2022-01-12 15:32:29,457 INFO  [restartedMain] Version: HCANN000001: Hibernate Commons Annotations {5.1.2.Final}
2022-01-12 15:32:29,795 INFO  [restartedMain] Dialect: HHH000400: Using dialect: org.hibernate.dialect.H2Dialect
2022-01-12 15:32:31,692 INFO  [restartedMain] JtaPlatformInitiator: HHH000490: Using JtaPlatform implementation: [org.hibernate.engine.transaction.jta.platform.internal.NoJtaPlatform]
2022-01-12 15:32:31,708 INFO  [restartedMain] LocalContainerEntityManagerFactoryBean: Initialized JPA EntityManagerFactory for persistence unit 'default'
2022-01-12 15:32:32,985 WARN  [restartedMain] JpaBaseConfiguration$JpaWebConfiguration: spring.jpa.open-in-view is enabled by default. Therefore, database queries may be performed during view rendering. Explicitly configure spring.jpa.open-in-view to disable this warning
2022-01-12 15:32:33,760 INFO  [restartedMain] OptionalLiveReloadServer: LiveReload server is running on port 35729
2022-01-12 15:32:33,791 INFO  [restartedMain] Http11NioProtocol: Starting ProtocolHandler ["http-nio-8080"]
2022-01-12 15:32:33,895 INFO  [restartedMain] TomcatWebServer: Tomcat started on port(s): 8080 (http) with context path ''
2022-01-12 15:32:33,918 INFO  [restartedMain] PokerApplication: Started PokerApplication in 10.523 seconds (JVM running for 11.957)
2022-01-12 16:44:30,716 INFO  [http-nio-8080-exec-4] [/]: Initializing Spring DispatcherServlet 'dispatcherServlet'
2022-01-12 16:44:30,717 INFO  [http-nio-8080-exec-4] DispatcherServlet: Initializing Servlet 'dispatcherServlet'
2022-01-12 16:44:30,719 INFO  [http-nio-8080-exec-4] DispatcherServlet: Completed initialization in 2 ms
2022-01-12 16:44:30,795 INFO  [http-nio-8080-exec-4] UserStoryServiceImpl: deleteUserStory start
2022-01-12 16:44:30,887 ERROR [http-nio-8080-exec-4] PlanningPokerUserStoryController:  Exception Occured during delete userstory  
2022-01-12 16:44:30,897 WARN  [http-nio-8080-exec-4] ExceptionHandlerExceptionResolver: Failure in @ExceptionHandler com.planning.poker.controller.PokerSessionExceptionController#handleUserStoryNotFoundException(SessionNotFoundException, WebRequest)
java.lang.IllegalStateException: Could not resolve parameter [0] in public final org.springframework.http.ResponseEntity<java.lang.Object> com.planning.poker.controller.PokerSessionExceptionController.handleUserStoryNotFoundException(com.planning.poker.exception.SessionNotFoundException,org.springframework.web.context.request.WebRequest): No suitable resolver
	at org.springframework.web.method.support.InvocableHandlerMethod.getMethodArgumentValues(InvocableHandlerMethod.java:176)
	at org.springframework.web.method.support.InvocableHandlerMethod.invokeForRequest(InvocableHandlerMethod.java:146)
	at org.springframework.web.servlet.mvc.method.annotation.ServletInvocableHandlerMethod.invokeAndHandle(ServletInvocableHandlerMethod.java:117)
	at org.springframework.web.servlet.mvc.method.annotation.ExceptionHandlerExceptionResolver.doResolveHandlerMethodException(ExceptionHandlerExceptionResolver.java:428)
	at org.springframework.web.servlet.handler.AbstractHandlerMethodExceptionResolver.doResolveException(AbstractHandlerMethodExceptionResolver.java:75)
	at org.springframework.web.servlet.handler.AbstractHandlerExceptionResolver.resolveException(AbstractHandlerExceptionResolver.java:142)
	at org.springframework.web.servlet.handler.HandlerExceptionResolverComposite.resolveException(HandlerExceptionResolverComposite.java:80)
	at org.springframework.web.servlet.DispatcherServlet.processHandlerException(DispatcherServlet.java:1327)
	at org.springframework.web.servlet.DispatcherServlet.processDispatchResult(DispatcherServlet.java:1138)
	at org.springframework.web.servlet.DispatcherServlet.doDispatch(DispatcherServlet.java:1084)
	at org.springframework.web.servlet.DispatcherServlet.doService(DispatcherServlet.java:963)
	at org.springframework.web.servlet.FrameworkServlet.processRequest(FrameworkServlet.java:1006)
	at org.springframework.web.servlet.FrameworkServlet.doDelete(FrameworkServlet.java:931)
	at javax.servlet.http.HttpServlet.service(HttpServlet.java:687)
	at org.springframework.web.servlet.FrameworkServlet.service(FrameworkServlet.java:883)
	at javax.servlet.http.HttpServlet.service(HttpServlet.java:764)
	at org.apache.catalina.core.ApplicationFilterChain.internalDoFilter(ApplicationFilterChain.java:227)
	at org.apache.catalina.core.ApplicationFilterChain.doFilter(ApplicationFilterChain.java:162)
	at org.apache.tomcat.websocket.server.WsFilter.doFilter(WsFilter.java:53)
	at org.apache.catalina.core.ApplicationFilterChain.internalDoFilter(ApplicationFilterChain.java:189)
	at org.apache.catalina.core.ApplicationFilterChain.doFilter(ApplicationFilterChain.java:162)
	at org.springframework.web.filter.RequestContextFilter.doFilterInternal(RequestContextFilter.java:100)
	at org.springframework.web.filter.OncePerRequestFilter.doFilter(OncePerRequestFilter.java:119)
	at org.apache.catalina.core.ApplicationFilterChain.internalDoFilter(ApplicationFilterChain.java:189)
	at org.apache.catalina.core.ApplicationFilterChain.doFilter(ApplicationFilterChain.java:162)
	at org.springframework.web.filter.FormContentFilter.doFilterInternal(FormContentFilter.java:93)
	at org.springframework.web.filter.OncePerRequestFilter.doFilter(OncePerRequestFilter.java:119)
	at org.apache.catalina.core.ApplicationFilterChain.internalDoFilter(ApplicationFilterChain.java:189)
	at org.apache.catalina.core.ApplicationFilterChain.doFilter(ApplicationFilterChain.java:162)
	at org.springframework.web.filter.CharacterEncodingFilter.doFilterInternal(CharacterEncodingFilter.java:201)
	at org.springframework.web.filter.OncePerRequestFilter.doFilter(OncePerRequestFilter.java:119)
	at org.apache.catalina.core.ApplicationFilterChain.internalDoFilter(ApplicationFilterChain.java:189)
	at org.apache.catalina.core.ApplicationFilterChain.doFilter(ApplicationFilterChain.java:162)
	at org.apache.catalina.core.StandardWrapperValve.invoke(StandardWrapperValve.java:197)
	at org.apache.catalina.core.StandardContextValve.invoke(StandardContextValve.java:97)
	at org.apache.catalina.authenticator.AuthenticatorBase.invoke(AuthenticatorBase.java:540)
	at org.apache.catalina.core.StandardHostValve.invoke(StandardHostValve.java:135)
	at org.apache.catalina.valves.ErrorReportValve.invoke(ErrorReportValve.java:92)
	at org.apache.catalina.core.StandardEngineValve.invoke(StandardEngineValve.java:78)
	at org.apache.catalina.connector.CoyoteAdapter.service(CoyoteAdapter.java:357)
	at org.apache.coyote.http11.Http11Processor.service(Http11Processor.java:382)
	at org.apache.coyote.AbstractProcessorLight.process(AbstractProcessorLight.java:65)
	at org.apache.coyote.AbstractProtocol$ConnectionHandler.process(AbstractProtocol.java:895)
	at org.apache.tomcat.util.net.NioEndpoint$SocketProcessor.doRun(NioEndpoint.java:1722)
	at org.apache.tomcat.util.net.SocketProcessorBase.run(SocketProcessorBase.java:49)
	at org.apache.tomcat.util.threads.ThreadPoolExecutor.runWorker(ThreadPoolExecutor.java:1191)
	at org.apache.tomcat.util.threads.ThreadPoolExecutor$Worker.run(ThreadPoolExecutor.java:659)
	at org.apache.tomcat.util.threads.TaskThread$WrappingRunnable.run(TaskThread.java:61)
	at java.base/java.lang.Thread.run(Thread.java:833)
2022-01-12 16:44:30,903 WARN  [http-nio-8080-exec-4] ResponseStatusExceptionResolver: Resolved [com.planning.poker.exception.UserStoryNotFoundException:  Exception Occured during delete userstory  Id1]
2022-01-12 16:57:49,060 INFO  [Thread-6] LocalContainerEntityManagerFactoryBean: Closing JPA EntityManagerFactory for persistence unit 'default'
2022-01-12 16:57:49,066 INFO  [Thread-6] SchemaDropperImpl$DelayedDropActionImpl: HHH000477: Starting delayed evictData of schema as part of SessionFactory shut-down'
2022-01-12 16:57:49,560 WARN  [Thread-6] DisposableBeanAdapter: Invocation of destroy method failed on bean with name 'inMemoryDatabaseShutdownExecutor': org.h2.jdbc.JdbcSQLNonTransientConnectionException: Database is already closed (to disable automatic closing at VM shutdown, add ";DB_CLOSE_ON_EXIT=FALSE" to the db URL) [90121-200]
2022-01-12 16:57:49,561 INFO  [Thread-6] HikariDataSource: HikariPool-1 - Shutdown initiated...
2022-01-12 16:57:49,587 INFO  [Thread-6] HikariDataSource: HikariPool-1 - Shutdown completed.
2022-01-12 16:57:49,942 INFO  [restartedMain] PokerApplication: Starting PokerApplication using Java 18-ea on LIN800021960 with PID 6472 (C:\Users\shabhart\Desktop\Poker\poker\target\classes started by shabhart in C:\Users\shabhart\Desktop\Poker\poker)
2022-01-12 16:57:49,943 INFO  [restartedMain] PokerApplication: No active profile set, falling back to default profiles: default
2022-01-12 16:57:50,339 INFO  [restartedMain] RepositoryConfigurationDelegate: Bootstrapping Spring Data JPA repositories in DEFAULT mode.
2022-01-12 16:57:50,342 INFO  [restartedMain] RepositoryConfigurationDelegate: Finished Spring Data repository scanning in 1 ms. Found 0 JPA repository interfaces.
2022-01-12 16:57:50,695 INFO  [restartedMain] TomcatWebServer: Tomcat initialized with port(s): 8080 (http)
2022-01-12 16:57:50,698 INFO  [restartedMain] Http11NioProtocol: Initializing ProtocolHandler ["http-nio-8080"]
2022-01-12 16:57:50,699 INFO  [restartedMain] StandardService: Starting service [Tomcat]
2022-01-12 16:57:50,700 INFO  [restartedMain] StandardEngine: Starting Servlet engine: [Apache Tomcat/9.0.55]
2022-01-12 16:57:50,772 INFO  [restartedMain] [/]: Initializing Spring embedded WebApplicationContext
2022-01-12 16:57:50,774 INFO  [restartedMain] ServletWebServerApplicationContext: Root WebApplicationContext: initialization completed in 825 ms
2022-01-12 16:57:50,817 INFO  [restartedMain] HikariDataSource: HikariPool-2 - Starting...
2022-01-12 16:57:50,831 INFO  [restartedMain] HikariDataSource: HikariPool-2 - Start completed.
2022-01-12 16:57:50,832 INFO  [restartedMain] H2ConsoleAutoConfiguration: H2 console available at '/h2-console'. Database available at 'jdbc:h2:mem:testdb'
2022-01-12 16:57:50,896 INFO  [restartedMain] LogHelper: HHH000204: Processing PersistenceUnitInfo [name: default]
2022-01-12 16:57:50,914 INFO  [restartedMain] Dialect: HHH000400: Using dialect: org.hibernate.dialect.H2Dialect
2022-01-12 16:57:50,940 INFO  [restartedMain] JtaPlatformInitiator: HHH000490: Using JtaPlatform implementation: [org.hibernate.engine.transaction.jta.platform.internal.NoJtaPlatform]
2022-01-12 16:57:50,941 INFO  [restartedMain] LocalContainerEntityManagerFactoryBean: Initialized JPA EntityManagerFactory for persistence unit 'default'
2022-01-12 16:57:51,010 WARN  [restartedMain] JpaBaseConfiguration$JpaWebConfiguration: spring.jpa.open-in-view is enabled by default. Therefore, database queries may be performed during view rendering. Explicitly configure spring.jpa.open-in-view to disable this warning
2022-01-12 16:57:51,346 INFO  [restartedMain] OptionalLiveReloadServer: LiveReload server is running on port 35729
2022-01-12 16:57:51,362 INFO  [restartedMain] Http11NioProtocol: Starting ProtocolHandler ["http-nio-8080"]
2022-01-12 16:57:51,370 INFO  [restartedMain] TomcatWebServer: Tomcat started on port(s): 8080 (http) with context path ''
2022-01-12 16:57:51,378 INFO  [restartedMain] PokerApplication: Started PokerApplication in 1.554 seconds (JVM running for 5129.332)
2022-01-12 16:57:51,382 INFO  [restartedMain] ConditionEvaluationDeltaLoggingListener: Condition evaluation unchanged
2022-01-12 16:57:52,857 INFO  [Thread-8] LocalContainerEntityManagerFactoryBean: Closing JPA EntityManagerFactory for persistence unit 'default'
2022-01-12 16:57:52,858 INFO  [Thread-8] SchemaDropperImpl$DelayedDropActionImpl: HHH000477: Starting delayed evictData of schema as part of SessionFactory shut-down'
2022-01-12 16:57:53,073 WARN  [Thread-8] DisposableBeanAdapter: Invocation of destroy method failed on bean with name 'inMemoryDatabaseShutdownExecutor': org.h2.jdbc.JdbcSQLNonTransientConnectionException: Database is already closed (to disable automatic closing at VM shutdown, add ";DB_CLOSE_ON_EXIT=FALSE" to the db URL) [90121-200]
2022-01-12 16:57:53,074 INFO  [Thread-8] HikariDataSource: HikariPool-2 - Shutdown initiated...
2022-01-12 16:57:53,077 INFO  [Thread-8] HikariDataSource: HikariPool-2 - Shutdown completed.
2022-01-12 16:57:53,346 INFO  [restartedMain] PokerApplication: Starting PokerApplication using Java 18-ea on LIN800021960 with PID 6472 (C:\Users\shabhart\Desktop\Poker\poker\target\classes started by shabhart in C:\Users\shabhart\Desktop\Poker\poker)
2022-01-12 16:57:53,348 INFO  [restartedMain] PokerApplication: No active profile set, falling back to default profiles: default
2022-01-12 16:57:53,896 INFO  [restartedMain] RepositoryConfigurationDelegate: Bootstrapping Spring Data JPA repositories in DEFAULT mode.
2022-01-12 16:57:54,013 INFO  [restartedMain] RepositoryConfigurationDelegate: Finished Spring Data repository scanning in 114 ms. Found 5 JPA repository interfaces.
2022-01-12 16:57:54,574 INFO  [restartedMain] TomcatWebServer: Tomcat initialized with port(s): 8080 (http)
2022-01-12 16:57:54,577 INFO  [restartedMain] Http11NioProtocol: Initializing ProtocolHandler ["http-nio-8080"]
2022-01-12 16:57:54,578 INFO  [restartedMain] StandardService: Starting service [Tomcat]
2022-01-12 16:57:54,579 INFO  [restartedMain] StandardEngine: Starting Servlet engine: [Apache Tomcat/9.0.55]
2022-01-12 16:57:54,724 INFO  [restartedMain] [/]: Initializing Spring embedded WebApplicationContext
2022-01-12 16:57:54,724 INFO  [restartedMain] ServletWebServerApplicationContext: Root WebApplicationContext: initialization completed in 1368 ms
2022-01-12 16:57:54,773 INFO  [restartedMain] HikariDataSource: HikariPool-3 - Starting...
2022-01-12 16:57:54,787 INFO  [restartedMain] HikariDataSource: HikariPool-3 - Start completed.
2022-01-12 16:57:54,789 INFO  [restartedMain] H2ConsoleAutoConfiguration: H2 console available at '/h2-console'. Database available at 'jdbc:h2:mem:testdb'
2022-01-12 16:57:54,909 INFO  [restartedMain] LogHelper: HHH000204: Processing PersistenceUnitInfo [name: default]
2022-01-12 16:57:54,926 INFO  [restartedMain] Dialect: HHH000400: Using dialect: org.hibernate.dialect.H2Dialect
2022-01-12 16:57:55,295 INFO  [restartedMain] JtaPlatformInitiator: HHH000490: Using JtaPlatform implementation: [org.hibernate.engine.transaction.jta.platform.internal.NoJtaPlatform]
2022-01-12 16:57:55,296 INFO  [restartedMain] LocalContainerEntityManagerFactoryBean: Initialized JPA EntityManagerFactory for persistence unit 'default'
2022-01-12 16:57:55,879 WARN  [restartedMain] JpaBaseConfiguration$JpaWebConfiguration: spring.jpa.open-in-view is enabled by default. Therefore, database queries may be performed during view rendering. Explicitly configure spring.jpa.open-in-view to disable this warning
2022-01-12 16:57:56,225 INFO  [restartedMain] OptionalLiveReloadServer: LiveReload server is running on port 35729
2022-01-12 16:57:56,239 INFO  [restartedMain] Http11NioProtocol: Starting ProtocolHandler ["http-nio-8080"]
2022-01-12 16:57:56,247 INFO  [restartedMain] TomcatWebServer: Tomcat started on port(s): 8080 (http) with context path ''
2022-01-12 16:57:56,257 INFO  [restartedMain] PokerApplication: Started PokerApplication in 3.06 seconds (JVM running for 5134.212)
2022-01-12 16:57:56,260 INFO  [restartedMain] ConditionEvaluationDeltaLoggingListener: Condition evaluation unchanged
2022-01-12 16:57:57,716 INFO  [Thread-12] LocalContainerEntityManagerFactoryBean: Closing JPA EntityManagerFactory for persistence unit 'default'
2022-01-12 16:57:57,717 INFO  [Thread-12] SchemaDropperImpl$DelayedDropActionImpl: HHH000477: Starting delayed evictData of schema as part of SessionFactory shut-down'
2022-01-12 16:58:59,646 INFO  [restartedMain] PokerApplication: Starting PokerApplication using Java 18-ea on LIN800021960 with PID 11952 (C:\Users\shabhart\Desktop\Poker\poker\target\classes started by shabhart in C:\Users\shabhart\Desktop\Poker\poker)
2022-01-12 16:58:59,651 INFO  [restartedMain] PokerApplication: No active profile set, falling back to default profiles: default
2022-01-12 16:58:59,758 INFO  [restartedMain] DevToolsPropertyDefaultsPostProcessor: Devtools property defaults active! Set 'spring.devtools.add-properties' to 'false' to disable
2022-01-12 16:58:59,759 INFO  [restartedMain] DevToolsPropertyDefaultsPostProcessor: For additional web related logging consider setting the 'logging.level.web' property to 'DEBUG'
2022-01-12 16:59:00,854 INFO  [restartedMain] RepositoryConfigurationDelegate: Bootstrapping Spring Data JPA repositories in DEFAULT mode.
2022-01-12 16:59:00,974 INFO  [restartedMain] RepositoryConfigurationDelegate: Finished Spring Data repository scanning in 104 ms. Found 5 JPA repository interfaces.
2022-01-12 16:59:02,287 INFO  [restartedMain] TomcatWebServer: Tomcat initialized with port(s): 8080 (http)
2022-01-12 16:59:02,305 INFO  [restartedMain] Http11NioProtocol: Initializing ProtocolHandler ["http-nio-8080"]
2022-01-12 16:59:02,306 INFO  [restartedMain] StandardService: Starting service [Tomcat]
2022-01-12 16:59:02,307 INFO  [restartedMain] StandardEngine: Starting Servlet engine: [Apache Tomcat/9.0.55]
2022-01-12 16:59:02,485 INFO  [restartedMain] [/]: Initializing Spring embedded WebApplicationContext
2022-01-12 16:59:02,486 INFO  [restartedMain] ServletWebServerApplicationContext: Root WebApplicationContext: initialization completed in 2726 ms
2022-01-12 16:59:02,562 INFO  [restartedMain] HikariDataSource: HikariPool-1 - Starting...
2022-01-12 16:59:02,795 INFO  [restartedMain] HikariDataSource: HikariPool-1 - Start completed.
2022-01-12 16:59:02,810 INFO  [restartedMain] H2ConsoleAutoConfiguration: H2 console available at '/h2-console'. Database available at 'jdbc:h2:mem:testdb'
2022-01-12 16:59:03,083 INFO  [restartedMain] LogHelper: HHH000204: Processing PersistenceUnitInfo [name: default]
2022-01-12 16:59:03,166 INFO  [restartedMain] Version: HHH000412: Hibernate ORM core version 5.6.1.Final
2022-01-12 16:59:03,448 INFO  [restartedMain] Version: HCANN000001: Hibernate Commons Annotations {5.1.2.Final}
2022-01-12 16:59:03,630 INFO  [restartedMain] Dialect: HHH000400: Using dialect: org.hibernate.dialect.H2Dialect
2022-01-12 16:59:04,830 INFO  [restartedMain] JtaPlatformInitiator: HHH000490: Using JtaPlatform implementation: [org.hibernate.engine.transaction.jta.platform.internal.NoJtaPlatform]
2022-01-12 16:59:04,840 INFO  [restartedMain] LocalContainerEntityManagerFactoryBean: Initialized JPA EntityManagerFactory for persistence unit 'default'
2022-01-12 16:59:05,720 WARN  [restartedMain] JpaBaseConfiguration$JpaWebConfiguration: spring.jpa.open-in-view is enabled by default. Therefore, database queries may be performed during view rendering. Explicitly configure spring.jpa.open-in-view to disable this warning
2022-01-12 16:59:06,594 INFO  [restartedMain] OptionalLiveReloadServer: LiveReload server is running on port 35729
2022-01-12 16:59:06,620 INFO  [restartedMain] Http11NioProtocol: Starting ProtocolHandler ["http-nio-8080"]
2022-01-12 16:59:06,749 INFO  [restartedMain] TomcatWebServer: Tomcat started on port(s): 8080 (http) with context path ''
2022-01-12 16:59:06,777 INFO  [restartedMain] PokerApplication: Started PokerApplication in 7.677 seconds (JVM running for 8.759)
2022-01-12 17:02:04,988 INFO  [http-nio-8080-exec-1] [/]: Initializing Spring DispatcherServlet 'dispatcherServlet'
2022-01-12 17:02:04,989 INFO  [http-nio-8080-exec-1] DispatcherServlet: Initializing Servlet 'dispatcherServlet'
2022-01-12 17:02:04,992 INFO  [http-nio-8080-exec-1] DispatcherServlet: Completed initialization in 2 ms
2022-01-12 17:02:05,049 INFO  [http-nio-8080-exec-1] PlanningPokerSessionController: createPockerPlanningSession method start
2022-01-12 17:02:05,050 INFO  [http-nio-8080-exec-1] PokerSessionServiceImpl: createPockerPlanningSession start
2022-01-12 17:02:05,259 INFO  [http-nio-8080-exec-1] PokerSessionServiceImpl: createPockerPlanningSession end
2022-01-12 17:02:05,261 INFO  [http-nio-8080-exec-1] PlanningPokerSessionController: createPockerPlanningSession method end
2022-01-12 17:02:19,615 INFO  [http-nio-8080-exec-3] PokerSessionServiceImpl: addUpdateMemberList start
2022-01-12 17:02:19,647 INFO  [http-nio-8080-exec-3] PokerSessionServiceImpl: addUpdateMemberList end
2022-01-12 17:02:38,649 INFO  [http-nio-8080-exec-4] UserStoryServiceImpl: addUserStory start
2022-01-12 17:02:38,651 INFO  [http-nio-8080-exec-4] UserStoryServiceImpl: addUserStory end
2022-01-12 17:03:19,669 INFO  [http-nio-8080-exec-5] VoteServiceImpl: submitUserStoryVote start
2022-01-12 17:03:19,685 WARN  [http-nio-8080-exec-5] ExceptionHandlerExceptionResolver: Resolved [javax.persistence.EntityNotFoundException: Unable to find com.planning.poker.model.Member with id 3]
2022-01-12 17:03:44,388 INFO  [http-nio-8080-exec-7] VoteServiceImpl: submitUserStoryVote start
2022-01-12 17:03:44,402 INFO  [http-nio-8080-exec-7] VoteServiceImpl: submitUserStoryVote end
