2022-01-11 15:04:49,738 INFO  [restartedMain] PokerApplication: Starting PokerApplication using Java 18-ea on LIN800021960 with PID 7376 (C:\Users\shabhart\Desktop\Poker\poker\target\classes started by shabhart in C:\Users\shabhart\Desktop\Poker\poker)
2022-01-11 15:04:49,746 INFO  [restartedMain] PokerApplication: No active profile set, falling back to default profiles: default
2022-01-11 15:04:49,846 INFO  [restartedMain] DevToolsPropertyDefaultsPostProcessor: Devtools property defaults active! Set 'spring.devtools.add-properties' to 'false' to disable
2022-01-11 15:04:49,847 INFO  [restartedMain] DevToolsPropertyDefaultsPostProcessor: For additional web related logging consider setting the 'logging.level.web' property to 'DEBUG'
2022-01-11 15:04:51,085 INFO  [restartedMain] RepositoryConfigurationDelegate: Bootstrapping Spring Data JPA repositories in DEFAULT mode.
2022-01-11 15:04:51,230 INFO  [restartedMain] RepositoryConfigurationDelegate: Finished Spring Data repository scanning in 129 ms. Found 5 JPA repository interfaces.
2022-01-11 15:04:52,668 INFO  [restartedMain] TomcatWebServer: Tomcat initialized with port(s): 8080 (http)
2022-01-11 15:04:52,688 INFO  [restartedMain] Http11NioProtocol: Initializing ProtocolHandler ["http-nio-8080"]
2022-01-11 15:04:52,689 INFO  [restartedMain] StandardService: Starting service [Tomcat]
2022-01-11 15:04:52,690 INFO  [restartedMain] StandardEngine: Starting Servlet engine: [Apache Tomcat/9.0.55]
2022-01-11 15:04:52,839 INFO  [restartedMain] [/]: Initializing Spring embedded WebApplicationContext
2022-01-11 15:04:52,839 INFO  [restartedMain] ServletWebServerApplicationContext: Root WebApplicationContext: initialization completed in 2989 ms
2022-01-11 15:04:52,931 INFO  [restartedMain] HikariDataSource: HikariPool-1 - Starting...
2022-01-11 15:04:53,265 INFO  [restartedMain] HikariDataSource: HikariPool-1 - Start completed.
2022-01-11 15:04:53,287 INFO  [restartedMain] H2ConsoleAutoConfiguration: H2 console available at '/h2-console'. Database available at 'jdbc:h2:mem:testdb'
2022-01-11 15:04:53,632 INFO  [restartedMain] LogHelper: HHH000204: Processing PersistenceUnitInfo [name: default]
2022-01-11 15:04:53,742 INFO  [restartedMain] Version: HHH000412: Hibernate ORM core version 5.6.1.Final
2022-01-11 15:04:54,158 INFO  [restartedMain] Version: HCANN000001: Hibernate Commons Annotations {5.1.2.Final}
2022-01-11 15:04:54,440 INFO  [restartedMain] Dialect: HHH000400: Using dialect: org.hibernate.dialect.H2Dialect
2022-01-11 15:04:56,038 INFO  [restartedMain] JtaPlatformInitiator: HHH000490: Using JtaPlatform implementation: [org.hibernate.engine.transaction.jta.platform.internal.NoJtaPlatform]
2022-01-11 15:04:56,051 INFO  [restartedMain] LocalContainerEntityManagerFactoryBean: Initialized JPA EntityManagerFactory for persistence unit 'default'
2022-01-11 15:04:57,031 WARN  [restartedMain] JpaBaseConfiguration$JpaWebConfiguration: spring.jpa.open-in-view is enabled by default. Therefore, database queries may be performed during view rendering. Explicitly configure spring.jpa.open-in-view to disable this warning
2022-01-11 15:04:57,642 INFO  [restartedMain] OptionalLiveReloadServer: LiveReload server is running on port 35729
2022-01-11 15:04:57,667 INFO  [restartedMain] Http11NioProtocol: Starting ProtocolHandler ["http-nio-8080"]
2022-01-11 15:04:57,767 INFO  [restartedMain] TomcatWebServer: Tomcat started on port(s): 8080 (http) with context path ''
2022-01-11 15:04:57,802 INFO  [restartedMain] PokerApplication: Started PokerApplication in 8.733 seconds (JVM running for 10.002)
2022-01-11 16:52:19,384 INFO  [http-nio-8080-exec-2] [/]: Initializing Spring DispatcherServlet 'dispatcherServlet'
2022-01-11 16:52:19,385 INFO  [http-nio-8080-exec-2] DispatcherServlet: Initializing Servlet 'dispatcherServlet'
2022-01-11 16:52:19,389 INFO  [http-nio-8080-exec-2] DispatcherServlet: Completed initialization in 3 ms
2022-01-11 16:52:19,465 INFO  [http-nio-8080-exec-2] PokerSessionServiceImpl: addUpdateMemberList start
2022-01-11 16:52:19,581 WARN  [http-nio-8080-exec-2] SqlExceptionHelper: SQL Error: 23506, SQLState: 23506
2022-01-11 16:52:19,582 ERROR [http-nio-8080-exec-2] SqlExceptionHelper: Referential integrity constraint violation: "FKB2N7H1OMYI447X1723GMTD353: PUBLIC.MEMBER FOREIGN KEY(SESSION) REFERENCES PUBLIC.POKER_SESSION(SESSION) ('18393')"; SQL statement:
insert into member (member_id, status, name, session) values (null, ?, ?, ?) [23506-200]
2022-01-11 16:52:19,599 WARN  [http-nio-8080-exec-2] ExceptionHandlerExceptionResolver: Failure in @ExceptionHandler com.planning.poker.controller.PokerSessionExceptionController#handleAddUpdateMemberException(SessionNotFoundException, WebRequest)
java.lang.IllegalStateException: Could not resolve parameter [0] in public final org.springframework.http.ResponseEntity<java.lang.Object> com.planning.poker.controller.PokerSessionExceptionController.handleAddUpdateMemberException(com.planning.poker.exception.SessionNotFoundException,org.springframework.web.context.request.WebRequest): No suitable resolver
	at org.springframework.web.method.support.InvocableHandlerMethod.getMethodArgumentValues(InvocableHandlerMethod.java:176)
	at org.springframework.web.method.support.InvocableHandlerMethod.invokeForRequest(InvocableHandlerMethod.java:146)
	at org.springframework.web.servlet.mvc.method.annotation.ServletInvocableHandlerMethod.invokeAndHandle(ServletInvocableHandlerMethod.java:117)
	at org.springframework.web.servlet.mvc.method.annotation.ExceptionHandlerExceptionResolver.doResolveHandlerMethodException(ExceptionHandlerExceptionResolver.java:428)
	at org.springframework.web.servlet.handler.AbstractHandlerMethodExceptionResolver.doResolveException(AbstractHandlerMethodExceptionResolver.java:75)
	at org.springframework.web.servlet.handler.AbstractHandlerExceptionResolver.resolveException(AbstractHandlerExceptionResolver.java:142)
	at org.springframework.web.servlet.handler.HandlerExceptionResolverComposite.resolveException(HandlerExceptionResolverComposite.java:80)
	at org.springframework.web.servlet.DispatcherServlet.processHandlerException(DispatcherServlet.java:1327)
	at org.springframework.web.servlet.DispatcherServlet.processDispatchResult(DispatcherServlet.java:1138)
	at org.springframework.web.servlet.DispatcherServlet.doDispatch(DispatcherServlet.java:1084)
	at org.springframework.web.servlet.DispatcherServlet.doService(DispatcherServlet.java:963)
	at org.springframework.web.servlet.FrameworkServlet.processRequest(FrameworkServlet.java:1006)
	at org.springframework.web.servlet.FrameworkServlet.doPost(FrameworkServlet.java:909)
	at javax.servlet.http.HttpServlet.service(HttpServlet.java:681)
	at org.springframework.web.servlet.FrameworkServlet.service(FrameworkServlet.java:883)
	at javax.servlet.http.HttpServlet.service(HttpServlet.java:764)
	at org.apache.catalina.core.ApplicationFilterChain.internalDoFilter(ApplicationFilterChain.java:227)
	at org.apache.catalina.core.ApplicationFilterChain.doFilter(ApplicationFilterChain.java:162)
	at org.apache.tomcat.websocket.server.WsFilter.doFilter(WsFilter.java:53)
	at org.apache.catalina.core.ApplicationFilterChain.internalDoFilter(ApplicationFilterChain.java:189)
	at org.apache.catalina.core.ApplicationFilterChain.doFilter(ApplicationFilterChain.java:162)
	at org.springframework.web.filter.RequestContextFilter.doFilterInternal(RequestContextFilter.java:100)
	at org.springframework.web.filter.OncePerRequestFilter.doFilter(OncePerRequestFilter.java:119)
	at org.apache.catalina.core.ApplicationFilterChain.internalDoFilter(ApplicationFilterChain.java:189)
	at org.apache.catalina.core.ApplicationFilterChain.doFilter(ApplicationFilterChain.java:162)
	at org.springframework.web.filter.FormContentFilter.doFilterInternal(FormContentFilter.java:93)
	at org.springframework.web.filter.OncePerRequestFilter.doFilter(OncePerRequestFilter.java:119)
	at org.apache.catalina.core.ApplicationFilterChain.internalDoFilter(ApplicationFilterChain.java:189)
	at org.apache.catalina.core.ApplicationFilterChain.doFilter(ApplicationFilterChain.java:162)
	at org.springframework.web.filter.CharacterEncodingFilter.doFilterInternal(CharacterEncodingFilter.java:201)
	at org.springframework.web.filter.OncePerRequestFilter.doFilter(OncePerRequestFilter.java:119)
	at org.apache.catalina.core.ApplicationFilterChain.internalDoFilter(ApplicationFilterChain.java:189)
	at org.apache.catalina.core.ApplicationFilterChain.doFilter(ApplicationFilterChain.java:162)
	at org.apache.catalina.core.StandardWrapperValve.invoke(StandardWrapperValve.java:197)
	at org.apache.catalina.core.StandardContextValve.invoke(StandardContextValve.java:97)
	at org.apache.catalina.authenticator.AuthenticatorBase.invoke(AuthenticatorBase.java:540)
	at org.apache.catalina.core.StandardHostValve.invoke(StandardHostValve.java:135)
	at org.apache.catalina.valves.ErrorReportValve.invoke(ErrorReportValve.java:92)
	at org.apache.catalina.core.StandardEngineValve.invoke(StandardEngineValve.java:78)
	at org.apache.catalina.connector.CoyoteAdapter.service(CoyoteAdapter.java:357)
	at org.apache.coyote.http11.Http11Processor.service(Http11Processor.java:382)
	at org.apache.coyote.AbstractProcessorLight.process(AbstractProcessorLight.java:65)
	at org.apache.coyote.AbstractProtocol$ConnectionHandler.process(AbstractProtocol.java:895)
	at org.apache.tomcat.util.net.NioEndpoint$SocketProcessor.doRun(NioEndpoint.java:1722)
	at org.apache.tomcat.util.net.SocketProcessorBase.run(SocketProcessorBase.java:49)
	at org.apache.tomcat.util.threads.ThreadPoolExecutor.runWorker(ThreadPoolExecutor.java:1191)
	at org.apache.tomcat.util.threads.ThreadPoolExecutor$Worker.run(ThreadPoolExecutor.java:659)
	at org.apache.tomcat.util.threads.TaskThread$WrappingRunnable.run(TaskThread.java:61)
	at java.base/java.lang.Thread.run(Thread.java:833)
2022-01-11 16:52:19,606 WARN  [http-nio-8080-exec-2] ResponseStatusExceptionResolver: Resolved [com.planning.poker.exception.AddUpdateMemberException: Unable to Add or Update Member to this session could not execute statement; SQL [n/a]; constraint [FKB2N7H1OMYI447X1723GMTD353]; nested exception is org.hibernate.exception.ConstraintViolationException: could not execute statement]
2022-01-11 16:52:35,278 INFO  [http-nio-8080-exec-3] PlanningPokerSessionController: createPockerPlanningSession method start
2022-01-11 16:52:35,278 INFO  [http-nio-8080-exec-3] PokerSessionServiceImpl: createPockerPlanningSession start
2022-01-11 16:52:35,403 INFO  [http-nio-8080-exec-3] PokerSessionServiceImpl: createPockerPlanningSession end
2022-01-11 16:52:35,404 INFO  [http-nio-8080-exec-3] PlanningPokerSessionController: createPockerPlanningSession method end
2022-01-11 17:48:06,046 INFO  [http-nio-8080-exec-6] PokerSessionServiceImpl: addUpdateMemberList start
2022-01-11 17:48:06,101 INFO  [http-nio-8080-exec-6] PokerSessionServiceImpl: addUpdateMemberList end
2022-01-11 17:48:32,197 INFO  [http-nio-8080-exec-7] UserStoryServiceImpl: addUserStory start
2022-01-11 17:48:32,199 INFO  [http-nio-8080-exec-7] UserStoryServiceImpl: addUserStory end
2022-01-11 17:51:09,668 INFO  [http-nio-8080-exec-9] VoteServiceImpl: submitUserStoryVote start
2022-01-11 17:51:09,707 WARN  [http-nio-8080-exec-9] ExceptionHandlerExceptionResolver: Resolved [javax.persistence.EntityNotFoundException: Unable to find com.planning.poker.model.Member with id 4]
2022-01-11 17:51:18,398 INFO  [http-nio-8080-exec-2] VoteServiceImpl: submitUserStoryVote start
2022-01-11 17:51:18,416 INFO  [http-nio-8080-exec-2] VoteServiceImpl: submitUserStoryVote end
2022-01-11 17:51:33,936 INFO  [http-nio-8080-exec-8] VoteServiceImpl: fectVoteFinalResultForUserStory start
2022-01-11 17:51:33,943 INFO  [http-nio-8080-exec-8] VoteServiceImpl: fectVoteFinalResultForUserStory end
2022-01-11 17:53:04,221 INFO  [http-nio-8080-exec-6] VoteServiceImpl: stopuserStoryVoting start
2022-01-11 17:53:04,232 INFO  [http-nio-8080-exec-6] VoteServiceImpl: stopuserStoryVoting end
